Ompi, 1, 1, 19.861
Ompi, 1, 1, 19.877
Ompi, 1, 1, 19.890
Ompi, 1, 1, 19.901
Ompi, 1, 1, 19.994
Ompi, 1, 1, 20.030
Ompi, 1, 1, 19.964
Ompi, 1, 1, 19.809
Ompi, 1, 1, 20.015
Ompi, 1, 1, 19.901
Ompi, 1, 1, 19.948
Ompi, 1, 1, 19.993
Ompi, 1, 1, 19.943
Ompi, 1, 1, 20.026
Ompi, 1, 1, 20.063

Ompi, 2, 1, 10.405
Ompi, 2, 1, 10.425
Ompi, 2, 1, 10.358
Ompi, 2, 1, 10.382
Ompi, 2, 1, 10.373
Ompi, 2, 1, 10.391
Ompi, 2, 1, 10.424
Ompi, 2, 1, 10.448
Ompi, 2, 1, 10.566
Ompi, 2, 1, 10.433
Ompi, 2, 1, 10.467
Ompi, 2, 1, 10.361
Ompi, 2, 1, 10.364
Ompi, 2, 1, 10.450
Ompi, 2, 1, 10.501

Ompi, 4, 1, 5.815
Ompi, 4, 1, 5.901
Ompi, 4, 1, 5.881
Ompi, 4, 1, 5.927
Ompi, 4, 1, 5.930
Ompi, 4, 1, 5.886
Ompi, 4, 1, 5.888
Ompi, 4, 1, 5.890
Ompi, 4, 1, 5.935
Ompi, 4, 1, 5.869
Ompi, 4, 1, 5.884
Ompi, 4, 1, 5.943
Ompi, 4, 1, 5.964
Ompi, 4, 1, 5.894
Ompi, 4, 1, 5.880

Ompi, 8, 1, 3.762
Ompi, 8, 1, 3.729
Ompi, 8, 1, 3.755
Ompi, 8, 1, 3.736
Ompi, 8, 1, 3.767
Ompi, 8, 1, 3.823
Ompi, 8, 1, 3.725
Ompi, 8, 1, 3.764
Ompi, 8, 1, 3.769
Ompi, 8, 1, 3.821
Ompi, 8, 1, 3.726
Ompi, 8, 1, 3.728
Ompi, 8, 1, 3.758
Ompi, 8, 1, 3.725
Ompi, 8, 1, 3.745

Ompi, 16, 1, 5.080
Ompi, 16, 1, 5.592
Ompi, 16, 1, 4.967
Ompi, 16, 1, 5.430
Ompi, 16, 1, 5.402
Ompi, 16, 1, 4.998
Ompi, 16, 1, 5.326
Ompi, 16, 1, 5.219
Ompi, 16, 1, 5.449
Ompi, 16, 1, 5.424
Ompi, 16, 1, 5.391
Ompi, 16, 1, 5.546
Ompi, 16, 1, 5.409
Ompi, 16, 1, 5.283
Ompi, 16, 1, 5.411

Ompi, 32, 1, 8.858
Ompi, 32, 1, 8.433
Ompi, 32, 1, 8.335
Ompi, 32, 1, 8.152
Ompi, 32, 1, 7.703
Ompi, 32, 1, 8.252
Ompi, 32, 1, 8.227
Ompi, 32, 1, 8.257
Ompi, 32, 1, 8.239
Ompi, 32, 1, 8.282
Ompi, 32, 1, 8.057
Ompi, 32, 1, 8.436
Ompi, 32, 1, 8.197
Ompi, 32, 1, 8.398
Ompi, 32, 1, 8.258
